#
# There is insufficient memory for the Java Runtime Environment to continue.
# Native memory allocation (mmap) failed to map 65536 bytes for Failed to commit metaspace.
# Possible reasons:
#   The system is out of physical RAM or swap space
#   The process is running with CompressedOops enabled, and the Java Heap may be blocking the growth of the native heap
# Possible solutions:
#   Reduce memory load on the system
#   Increase physical memory or swap space
#   Check if swap backing store is full
#   Decrease Java heap size (-Xmx/-Xms)
#   Decrease number of Java threads
#   Decrease Java thread stack sizes (-Xss)
#   Set larger code cache with -XX:ReservedCodeCacheSize=
#   JVM is running with Unscaled Compressed Oops mode in which the Java heap is
#     placed in the first 4GB address space. The Java Heap base address is the
#     maximum limit for the native heap growth. Please use -XX:HeapBaseMinAddress
#     to set the Java Heap base and to place the Java Heap above 4GB virtual address.
# This output file may be truncated or incomplete.
#
#  Out of Memory Error (virtualSpaceNode.cpp:110), pid=17972, tid=12940
#
# JRE version: OpenJDK Runtime Environment Temurin-17.0.2+8 (17.0.2+8) (build 17.0.2+8)
# Java VM: OpenJDK 64-Bit Server VM Temurin-17.0.2+8 (17.0.2+8, mixed mode, tiered, compressed oops, compressed class ptrs, g1 gc, windows-amd64)
# No core dump will be written. Minidumps are not enabled by default on client versions of Windows
#

---------------  S U M M A R Y ------------

Command Line: -Dfile.encoding=UTF-8 -XX:+ShowCodeDetailsInExceptionMessages com.javaex.ex01.BookInsert

Host: Intel(R) Core(TM) i5-10210U CPU @ 1.60GHz, 8 cores, 7G,  Windows 10 , 64 bit Build 19041 (10.0.19041.1706)
Time: Sun May 22 20:35:08 2022  Windows 10 , 64 bit Build 19041 (10.0.19041.1706) elapsed time: 0.903921 seconds (0d 0h 0m 0s)

---------------  T H R E A D  ---------------

Current thread (0x00000165e6c1afc0):  JavaThread "main" [_thread_in_vm, id=12940, stack(0x0000003db7100000,0x0000003db7200000)]

Stack: [0x0000003db7100000,0x0000003db7200000]
Native frames: (J=compiled Java code, j=interpreted, Vv=VM code, C=native code)
V  [jvm.dll+0x67564a]
V  [jvm.dll+0x82fc04]
V  [jvm.dll+0x8313ae]
V  [jvm.dll+0x831a13]
V  [jvm.dll+0x245235]
V  [jvm.dll+0x82bbab]
V  [jvm.dll+0x61a336]
V  [jvm.dll+0x61a39a]
V  [jvm.dll+0x61cbba]
V  [jvm.dll+0x61acd6]
V  [jvm.dll+0x624a37]
V  [jvm.dll+0x1e9eab]
V  [jvm.dll+0x1ea3e5]
V  [jvm.dll+0x1eae1f]
V  [jvm.dll+0x1e02c1]
V  [jvm.dll+0x53b6e0]
V  [jvm.dll+0x1f0ab7]
V  [jvm.dll+0x7aa1bb]
V  [jvm.dll+0x7ab562]
V  [jvm.dll+0x7ab898]
V  [jvm.dll+0x23d51e]
V  [jvm.dll+0x23d76f]
V  [jvm.dll+0x558d38]
V  [jvm.dll+0x55bba0]
V  [jvm.dll+0x382937]
V  [jvm.dll+0x381f8f]
C  0x00000165ea2fa582

Java frames: (J=compiled Java code, j=interpreted, Vv=VM code)
j  java.lang.invoke.VarHandle$2.<clinit>()V+0 java.base@17.0.2
v  ~StubRoutines::call_stub
j  java.lang.invoke.VarHandle$AccessType.accessModeType(Ljava/lang/Class;Ljava/lang/Class;[Ljava/lang/Class;)Ljava/lang/invoke/MethodType;+0 java.base@17.0.2
j  java.lang.invoke.VarHandleByteArrayAsInts$ArrayHandle.accessModeTypeUncached(Ljava/lang/invoke/VarHandle$AccessType;)Ljava/lang/invoke/MethodType;+16 java.base@17.0.2
j  java.lang.invoke.VarHandle.accessModeTypeUncached(I)Ljava/lang/invoke/MethodType;+6 java.base@17.0.2
j  java.lang.invoke.VarHandle.accessModeType(I)Ljava/lang/invoke/MethodType;+23 java.base@17.0.2
j  java.lang.invoke.VarHandle.checkExactAccessMode(Ljava/lang/invoke/VarHandle$AccessDescriptor;)V+12 java.base@17.0.2
j  java.lang.invoke.VarHandleGuards.guard_LI_I(Ljava/lang/invoke/VarHandle;Ljava/lang/Object;ILjava/lang/invoke/VarHandle$AccessDescriptor;)I+2 java.base@17.0.2
j  sun.security.provider.ByteArrayAccess.b2iBig64([BI[I)V+7 java.base@17.0.2
j  sun.security.provider.SHA.implCompress0([BI)V+21 java.base@17.0.2
j  sun.security.provider.SHA.implCompress([BI)V+9 java.base@17.0.2
j  sun.security.provider.DigestBase.engineUpdate([BII)V+128 java.base@17.0.2
j  java.security.MessageDigest$Delegate.engineUpdate([BII)V+7 java.base@17.0.2
j  java.security.MessageDigest.update([B)V+5 java.base@17.0.2
j  sun.security.provider.SeedGenerator$1.run()Ljava/lang/Void;+41 java.base@17.0.2
j  sun.security.provider.SeedGenerator$1.run()Ljava/lang/Object;+1 java.base@17.0.2
j  java.security.AccessController.executePrivileged(Ljava/security/PrivilegedAction;Ljava/security/AccessControlContext;Ljava/lang/Class;)Ljava/lang/Object;+29 java.base@17.0.2
j  java.security.AccessController.doPrivileged(Ljava/security/PrivilegedAction;)Ljava/lang/Object;+5 java.base@17.0.2
j  sun.security.provider.SeedGenerator.getSystemEntropy()[B+40 java.base@17.0.2
j  sun.security.provider.SecureRandom$SeederHolder.<clinit>()V+4 java.base@17.0.2
v  ~StubRoutines::call_stub
j  sun.security.provider.SecureRandom.engineNextBytes([B)V+21 java.base@17.0.2
j  java.security.SecureRandom.nextBytes([B)V+12 java.base@17.0.2
j  oracle.security.o5logon.O5LoginClientHelper.generateOAuthResponse(I[BLjava/lang/String;Ljava/lang/String;[B[B[B[BZ)Z+272
j  oracle.jdbc.driver.T4CTTIoauthenticate.doOAUTH(Ljava/lang/String;Ljava/lang/String;J)V+688
j  oracle.jdbc.driver.T4CConnection.logon()V+622
j  oracle.jdbc.driver.PhysicalConnection.<init>(Ljava/lang/String;Ljava/util/Properties;Loracle/jdbc/driver/OracleDriverExtension;)V+432
j  oracle.jdbc.driver.T4CConnection.<init>(Ljava/lang/String;Ljava/util/Properties;Loracle/jdbc/driver/OracleDriverExtension;)V+4
j  oracle.jdbc.driver.T4CDriverExtension.getConnection(Ljava/lang/String;Ljava/util/Properties;)Ljava/sql/Connection;+7
j  oracle.jdbc.driver.OracleDriver.connect(Ljava/lang/String;Ljava/util/Properties;)Ljava/sql/Connection;+724
j  java.sql.DriverManager.getConnection(Ljava/lang/String;Ljava/util/Properties;Ljava/lang/Class;)Ljava/sql/Connection;+131 java.sql@17.0.2
j  java.sql.DriverManager.getConnection(Ljava/lang/String;Ljava/lang/String;Ljava/lang/String;)Ljava/sql/Connection;+37 java.sql@17.0.2
j  com.javaex.ex01.BookInsert.main([Ljava/lang/String;)V+18
v  ~StubRoutines::call_stub

---------------  P R O C E S S  ---------------

Threads class SMR info:
_java_thread_list=0x00000165ff8e3be0, length=13, elements={
0x00000165e6c1afc0, 0x00000165feaa17b0, 0x00000165feaa26a0, 0x00000165feafab80,
0x00000165feafb440, 0x00000165feafcd10, 0x00000165feafd5d0, 0x00000165ff439d70,
0x00000165ff43c730, 0x00000165ff44d7f0, 0x00000165ff59b010, 0x00000165ff59d4f0,
0x0000016582ccaa00
}

Java Threads: ( => current thread )
=>0x00000165e6c1afc0 JavaThread "main" [_thread_in_vm, id=12940, stack(0x0000003db7100000,0x0000003db7200000)]
  0x00000165feaa17b0 JavaThread "Reference Handler" daemon [_thread_blocked, id=19188, stack(0x0000003db7800000,0x0000003db7900000)]
  0x00000165feaa26a0 JavaThread "Finalizer" daemon [_thread_blocked, id=22636, stack(0x0000003db7900000,0x0000003db7a00000)]
  0x00000165feafab80 JavaThread "Signal Dispatcher" daemon [_thread_blocked, id=16160, stack(0x0000003db7a00000,0x0000003db7b00000)]
  0x00000165feafb440 JavaThread "Attach Listener" daemon [_thread_blocked, id=32604, stack(0x0000003db7b00000,0x0000003db7c00000)]
  0x00000165feafcd10 JavaThread "Service Thread" daemon [_thread_blocked, id=33516, stack(0x0000003db7c00000,0x0000003db7d00000)]
  0x00000165feafd5d0 JavaThread "Monitor Deflation Thread" daemon [_thread_blocked, id=33368, stack(0x0000003db7d00000,0x0000003db7e00000)]
  0x00000165ff439d70 JavaThread "C2 CompilerThread0" daemon [_thread_blocked, id=33296, stack(0x0000003db7e00000,0x0000003db7f00000)]
  0x00000165ff43c730 JavaThread "C1 CompilerThread0" daemon [_thread_blocked, id=33636, stack(0x0000003db7f00000,0x0000003db8000000)]
  0x00000165ff44d7f0 JavaThread "Sweeper thread" daemon [_thread_blocked, id=27572, stack(0x0000003db8000000,0x0000003db8100000)]
  0x00000165ff59b010 JavaThread "Notification Thread" daemon [_thread_blocked, id=16356, stack(0x0000003db8100000,0x0000003db8200000)]
  0x00000165ff59d4f0 JavaThread "Common-Cleaner" daemon [_thread_blocked, id=32884, stack(0x0000003db8300000,0x0000003db8400000)]
  0x0000016582ccaa00 JavaThread "C2 CompilerThread1" daemon [_thread_blocked, id=32572, stack(0x0000003db8500000,0x0000003db8600000)]

Other Threads:
  0x00000165feabf940 VMThread "VM Thread" [stack: 0x0000003db7700000,0x0000003db7800000] [id=32936]
  0x00000165ff5130d0 WatcherThread [stack: 0x0000003db8200000,0x0000003db8300000] [id=32880]
  0x00000165e6c594a0 GCTaskThread "GC Thread#0" [stack: 0x0000003db7200000,0x0000003db7300000] [id=31520]
  0x00000165e6c6c5e0 ConcurrentGCThread "G1 Main Marker" [stack: 0x0000003db7300000,0x0000003db7400000] [id=17708]
  0x00000165e6c6cff0 ConcurrentGCThread "G1 Conc#0" [stack: 0x0000003db7400000,0x0000003db7500000] [id=14480]
  0x00000165e6cf9160 ConcurrentGCThread "G1 Refine#0" [stack: 0x0000003db7500000,0x0000003db7600000] [id=8400]
  0x00000165e6cf9b80 ConcurrentGCThread "G1 Service" [stack: 0x0000003db7600000,0x0000003db7700000] [id=33188]

Threads with active compile tasks:

VM state: not at safepoint (normal execution)

VM Mutex/Monitor currently owned by a thread:  ([mutex/lock_event])
[0x00000165e6c13bb0] Metaspace_lock - owner thread: 0x00000165e6c1afc0

Heap address: 0x0000000082e00000, size: 2002 MB, Compressed Oops mode: 32-bit

CDS archive(s) not mapped
Compressed class space mapped at: 0x0000000100000000-0x0000000140000000, reserved size: 1073741824
Narrow klass base: 0x0000000000000000, Narrow klass shift: 3, Narrow klass range: 0x140000000

GC Precious Log:
 CPUs: 8 total, 8 available
 Memory: 8001M
 Large Page Support: Disabled
 NUMA Support: Disabled
 Compressed Oops: Enabled (32-bit)
 Heap Region Size: 1M
 Heap Min Capacity: 8M
 Heap Initial Capacity: 126M
 Heap Max Capacity: 2002M
 Pre-touch: Disabled
 Parallel Workers: 8
 Concurrent Workers: 2
 Concurrent Refinement Workers: 8
 Periodic GC: Disabled

Heap:
 garbage-first heap   total 129024K, used 20480K [0x0000000082e00000, 0x0000000100000000)
  region size 1024K, 22 young (22528K), 0 survivors (0K)
 Metaspace       used 18626K, committed 18816K, reserved 1073152K
  class space    used 1546K, committed 1664K, reserved 1048576K

Heap Regions: E=young(eden), S=young(survivor), O=old, HS=humongous(starts), HC=humongous(continues), CS=collection set, F=free, OA=open archive, CA=closed archive, TAMS=top-at-mark-start (previous, next)
|   0|0x0000000082e00000, 0x0000000082e00000, 0x0000000082f00000|  0%| F|  |TAMS 0x0000000082e00000, 0x0000000082e00000| Untracked 
|   1|0x0000000082f00000, 0x0000000082f00000, 0x0000000083000000|  0%| F|  |TAMS 0x0000000082f00000, 0x0000000082f00000| Untracked 
|   2|0x0000000083000000, 0x0000000083000000, 0x0000000083100000|  0%| F|  |TAMS 0x0000000083000000, 0x0000000083000000| Untracked 
|   3|0x0000000083100000, 0x0000000083100000, 0x0000000083200000|  0%| F|  |TAMS 0x0000000083100000, 0x0000000083100000| Untracked 
|   4|0x0000000083200000, 0x0000000083200000, 0x0000000083300000|  0%| F|  |TAMS 0x0000000083200000, 0x0000000083200000| Untracked 
|   5|0x0000000083300000, 0x0000000083300000, 0x0000000083400000|  0%| F|  |TAMS 0x0000000083300000, 0x0000000083300000| Untracked 
|   6|0x0000000083400000, 0x0000000083400000, 0x0000000083500000|  0%| F|  |TAMS 0x0000000083400000, 0x0000000083400000| Untracked 
|   7|0x0000000083500000, 0x0000000083500000, 0x0000000083600000|  0%| F|  |TAMS 0x0000000083500000, 0x0000000083500000| Untracked 
|   8|0x0000000083600000, 0x0000000083600000, 0x0000000083700000|  0%| F|  |TAMS 0x0000000083600000, 0x0000000083600000| Untracked 
|   9|0x0000000083700000, 0x0000000083700000, 0x0000000083800000|  0%| F|  |TAMS 0x0000000083700000, 0x0000000083700000| Untracked 
|  10|0x0000000083800000, 0x0000000083800000, 0x0000000083900000|  0%| F|  |TAMS 0x0000000083800000, 0x0000000083800000| Untracked 
|  11|0x0000000083900000, 0x0000000083900000, 0x0000000083a00000|  0%| F|  |TAMS 0x0000000083900000, 0x0000000083900000| Untracked 
|  12|0x0000000083a00000, 0x0000000083a00000, 0x0000000083b00000|  0%| F|  |TAMS 0x0000000083a00000, 0x0000000083a00000| Untracked 
|  13|0x0000000083b00000, 0x0000000083b00000, 0x0000000083c00000|  0%| F|  |TAMS 0x0000000083b00000, 0x0000000083b00000| Untracked 
|  14|0x0000000083c00000, 0x0000000083c00000, 0x0000000083d00000|  0%| F|  |TAMS 0x0000000083c00000, 0x0000000083c00000| Untracked 
|  15|0x0000000083d00000, 0x0000000083d00000, 0x0000000083e00000|  0%| F|  |TAMS 0x0000000083d00000, 0x0000000083d00000| Untracked 
|  16|0x0000000083e00000, 0x0000000083e00000, 0x0000000083f00000|  0%| F|  |TAMS 0x0000000083e00000, 0x0000000083e00000| Untracked 
|  17|0x0000000083f00000, 0x0000000083f00000, 0x0000000084000000|  0%| F|  |TAMS 0x0000000083f00000, 0x0000000083f00000| Untracked 
|  18|0x0000000084000000, 0x0000000084000000, 0x0000000084100000|  0%| F|  |TAMS 0x0000000084000000, 0x0000000084000000| Untracked 
|  19|0x0000000084100000, 0x0000000084100000, 0x0000000084200000|  0%| F|  |TAMS 0x0000000084100000, 0x0000000084100000| Untracked 
|  20|0x0000000084200000, 0x0000000084200000, 0x0000000084300000|  0%| F|  |TAMS 0x0000000084200000, 0x0000000084200000| Untracked 
|  21|0x0000000084300000, 0x0000000084300000, 0x0000000084400000|  0%| F|  |TAMS 0x0000000084300000, 0x0000000084300000| Untracked 
|  22|0x0000000084400000, 0x0000000084400000, 0x0000000084500000|  0%| F|  |TAMS 0x0000000084400000, 0x0000000084400000| Untracked 
|  23|0x0000000084500000, 0x0000000084500000, 0x0000000084600000|  0%| F|  |TAMS 0x0000000084500000, 0x0000000084500000| Untracked 
|  24|0x0000000084600000, 0x0000000084600000, 0x0000000084700000|  0%| F|  |TAMS 0x0000000084600000, 0x0000000084600000| Untracked 
|  25|0x0000000084700000, 0x0000000084700000, 0x0000000084800000|  0%| F|  |TAMS 0x0000000084700000, 0x0000000084700000| Untracked 
|  26|0x0000000084800000, 0x0000000084800000, 0x0000000084900000|  0%| F|  |TAMS 0x0000000084800000, 0x0000000084800000| Untracked 
|  27|0x0000000084900000, 0x0000000084900000, 0x0000000084a00000|  0%| F|  |TAMS 0x0000000084900000, 0x0000000084900000| Untracked 
|  28|0x0000000084a00000, 0x0000000084a00000, 0x0000000084b00000|  0%| F|  |TAMS 0x0000000084a00000, 0x0000000084a00000| Untracked 
|  29|0x0000000084b00000, 0x0000000084b00000, 0x0000000084c00000|  0%| F|  |TAMS 0x0000000084b00000, 0x0000000084b00000| Untracked 
|  30|0x0000000084c00000, 0x0000000084c00000, 0x0000000084d00000|  0%| F|  |TAMS 0x0000000084c00000, 0x0000000084c00000| Untracked 
|  31|0x0000000084d00000, 0x0000000084d00000, 0x0000000084e00000|  0%| F|  |TAMS 0x0000000084d00000, 0x0000000084d00000| Untracked 
|  32|0x0000000084e00000, 0x0000000084e00000, 0x0000000084f00000|  0%| F|  |TAMS 0x0000000084e00000, 0x0000000084e00000| Untracked 
|  33|0x0000000084f00000, 0x0000000084f00000, 0x0000000085000000|  0%| F|  |TAMS 0x0000000084f00000, 0x0000000084f00000| Untracked 
|  34|0x0000000085000000, 0x0000000085000000, 0x0000000085100000|  0%| F|  |TAMS 0x0000000085000000, 0x0000000085000000| Untracked 
|  35|0x0000000085100000, 0x0000000085100000, 0x0000000085200000|  0%| F|  |TAMS 0x0000000085100000, 0x0000000085100000| Untracked 
|  36|0x0000000085200000, 0x0000000085200000, 0x0000000085300000|  0%| F|  |TAMS 0x0000000085200000, 0x0000000085200000| Untracked 
|  37|0x0000000085300000, 0x0000000085300000, 0x0000000085400000|  0%| F|  |TAMS 0x0000000085300000, 0x0000000085300000| Untracked 
|  38|0x0000000085400000, 0x0000000085400000, 0x0000000085500000|  0%| F|  |TAMS 0x0000000085400000, 0x0000000085400000| Untracked 
|  39|0x0000000085500000, 0x0000000085500000, 0x0000000085600000|  0%| F|  |TAMS 0x0000000085500000, 0x0000000085500000| Untracked 
|  40|0x0000000085600000, 0x0000000085600000, 0x0000000085700000|  0%| F|  |TAMS 0x0000000085600000, 0x0000000085600000| Untracked 
|  41|0x0000000085700000, 0x0000000085700000, 0x0000000085800000|  0%| F|  |TAMS 0x0000000085700000, 0x0000000085700000| Untracked 
|  42|0x0000000085800000, 0x0000000085800000, 0x0000000085900000|  0%| F|  |TAMS 0x0000000085800000, 0x0000000085800000| Untracked 
|  43|0x0000000085900000, 0x0000000085900000, 0x0000000085a00000|  0%| F|  |TAMS 0x0000000085900000, 0x0000000085900000| Untracked 
|  44|0x0000000085a00000, 0x0000000085a00000, 0x0000000085b00000|  0%| F|  |TAMS 0x0000000085a00000, 0x0000000085a00000| Untracked 
|  45|0x0000000085b00000, 0x0000000085b00000, 0x0000000085c00000|  0%| F|  |TAMS 0x0000000085b00000, 0x0000000085b00000| Untracked 
|  46|0x0000000085c00000, 0x0000000085c00000, 0x0000000085d00000|  0%| F|  |TAMS 0x0000000085c00000, 0x0000000085c00000| Untracked 
|  47|0x0000000085d00000, 0x0000000085d00000, 0x0000000085e00000|  0%| F|  |TAMS 0x0000000085d00000, 0x0000000085d00000| Untracked 
|  48|0x0000000085e00000, 0x0000000085e00000, 0x0000000085f00000|  0%| F|  |TAMS 0x0000000085e00000, 0x0000000085e00000| Untracked 
|  49|0x0000000085f00000, 0x0000000085f00000, 0x0000000086000000|  0%| F|  |TAMS 0x0000000085f00000, 0x0000000085f00000| Untracked 
|  50|0x0000000086000000, 0x0000000086000000, 0x0000000086100000|  0%| F|  |TAMS 0x0000000086000000, 0x0000000086000000| Untracked 
|  51|0x0000000086100000, 0x0000000086100000, 0x0000000086200000|  0%| F|  |TAMS 0x0000000086100000, 0x0000000086100000| Untracked 
|  52|0x0000000086200000, 0x0000000086200000, 0x0000000086300000|  0%| F|  |TAMS 0x0000000086200000, 0x0000000086200000| Untracked 
|  53|0x0000000086300000, 0x0000000086300000, 0x0000000086400000|  0%| F|  |TAMS 0x0000000086300000, 0x0000000086300000| Untracked 
|  54|0x0000000086400000, 0x0000000086400000, 0x0000000086500000|  0%| F|  |TAMS 0x0000000086400000, 0x0000000086400000| Untracked 
|  55|0x0000000086500000, 0x0000000086500000, 0x0000000086600000|  0%| F|  |TAMS 0x0000000086500000, 0x0000000086500000| Untracked 
|  56|0x0000000086600000, 0x0000000086600000, 0x0000000086700000|  0%| F|  |TAMS 0x0000000086600000, 0x0000000086600000| Untracked 
|  57|0x0000000086700000, 0x0000000086700000, 0x0000000086800000|  0%| F|  |TAMS 0x0000000086700000, 0x0000000086700000| Untracked 
|  58|0x0000000086800000, 0x0000000086800000, 0x0000000086900000|  0%| F|  |TAMS 0x0000000086800000, 0x0000000086800000| Untracked 
|  59|0x0000000086900000, 0x0000000086900000, 0x0000000086a00000|  0%| F|  |TAMS 0x0000000086900000, 0x0000000086900000| Untracked 
|  60|0x0000000086a00000, 0x0000000086a00000, 0x0000000086b00000|  0%| F|  |TAMS 0x0000000086a00000, 0x0000000086a00000| Untracked 
|  61|0x0000000086b00000, 0x0000000086b00000, 0x0000000086c00000|  0%| F|  |TAMS 0x0000000086b00000, 0x0000000086b00000| Untracked 
|  62|0x0000000086c00000, 0x0000000086c00000, 0x0000000086d00000|  0%| F|  |TAMS 0x0000000086c00000, 0x0000000086c00000| Untracked 
|  63|0x0000000086d00000, 0x0000000086d00000, 0x0000000086e00000|  0%| F|  |TAMS 0x0000000086d00000, 0x0000000086d00000| Untracked 
|  64|0x0000000086e00000, 0x0000000086e00000, 0x0000000086f00000|  0%| F|  |TAMS 0x0000000086e00000, 0x0000000086e00000| Untracked 
|  65|0x0000000086f00000, 0x0000000086f00000, 0x0000000087000000|  0%| F|  |TAMS 0x0000000086f00000, 0x0000000086f00000| Untracked 
|  66|0x0000000087000000, 0x0000000087000000, 0x0000000087100000|  0%| F|  |TAMS 0x0000000087000000, 0x0000000087000000| Untracked 
|  67|0x0000000087100000, 0x0000000087100000, 0x0000000087200000|  0%| F|  |TAMS 0x0000000087100000, 0x0000000087100000| Untracked 
|  68|0x0000000087200000, 0x0000000087200000, 0x0000000087300000|  0%| F|  |TAMS 0x0000000087200000, 0x0000000087200000| Untracked 
|  69|0x0000000087300000, 0x0000000087300000, 0x0000000087400000|  0%| F|  |TAMS 0x0000000087300000, 0x0000000087300000| Untracked 
|  70|0x0000000087400000, 0x0000000087400000, 0x0000000087500000|  0%| F|  |TAMS 0x0000000087400000, 0x0000000087400000| Untracked 
|  71|0x0000000087500000, 0x0000000087500000, 0x0000000087600000|  0%| F|  |TAMS 0x0000000087500000, 0x0000000087500000| Untracked 
|  72|0x0000000087600000, 0x0000000087600000, 0x0000000087700000|  0%| F|  |TAMS 0x0000000087600000, 0x0000000087600000| Untracked 
|  73|0x0000000087700000, 0x0000000087700000, 0x0000000087800000|  0%| F|  |TAMS 0x0000000087700000, 0x0000000087700000| Untracked 
|  74|0x0000000087800000, 0x0000000087800000, 0x0000000087900000|  0%| F|  |TAMS 0x0000000087800000, 0x0000000087800000| Untracked 
|  75|0x0000000087900000, 0x0000000087900000, 0x0000000087a00000|  0%| F|  |TAMS 0x0000000087900000, 0x0000000087900000| Untracked 
|  76|0x0000000087a00000, 0x0000000087a00000, 0x0000000087b00000|  0%| F|  |TAMS 0x0000000087a00000, 0x0000000087a00000| Untracked 
|  77|0x0000000087b00000, 0x0000000087b00000, 0x0000000087c00000|  0%| F|  |TAMS 0x0000000087b00000, 0x0000000087b00000| Untracked 
|  78|0x0000000087c00000, 0x0000000087c00000, 0x0000000087d00000|  0%| F|  |TAMS 0x0000000087c00000, 0x0000000087c00000| Untracked 
|  79|0x0000000087d00000, 0x0000000087d00000, 0x0000000087e00000|  0%| F|  |TAMS 0x0000000087d00000, 0x0000000087d00000| Untracked 
|  80|0x0000000087e00000, 0x0000000087e00000, 0x0000000087f00000|  0%| F|  |TAMS 0x0000000087e00000, 0x0000000087e00000| Untracked 
|  81|0x0000000087f00000, 0x0000000087f00000, 0x0000000088000000|  0%| F|  |TAMS 0x0000000087f00000, 0x0000000087f00000| Untracked 
|  82|0x0000000088000000, 0x0000000088000000, 0x0000000088100000|  0%| F|  |TAMS 0x0000000088000000, 0x0000000088000000| Untracked 
|  83|0x0000000088100000, 0x0000000088100000, 0x0000000088200000|  0%| F|  |TAMS 0x0000000088100000, 0x0000000088100000| Untracked 
|  84|0x0000000088200000, 0x0000000088200000, 0x0000000088300000|  0%| F|  |TAMS 0x0000000088200000, 0x0000000088200000| Untracked 
|  85|0x0000000088300000, 0x0000000088300000, 0x0000000088400000|  0%| F|  |TAMS 0x0000000088300000, 0x0000000088300000| Untracked 
|  86|0x0000000088400000, 0x0000000088400000, 0x0000000088500000|  0%| F|  |TAMS 0x0000000088400000, 0x0000000088400000| Untracked 
|  87|0x0000000088500000, 0x0000000088500000, 0x0000000088600000|  0%| F|  |TAMS 0x0000000088500000, 0x0000000088500000| Untracked 
|  88|0x0000000088600000, 0x0000000088600000, 0x0000000088700000|  0%| F|  |TAMS 0x0000000088600000, 0x0000000088600000| Untracked 
|  89|0x0000000088700000, 0x0000000088700000, 0x0000000088800000|  0%| F|  |TAMS 0x0000000088700000, 0x0000000088700000| Untracked 
|  90|0x0000000088800000, 0x0000000088800000, 0x0000000088900000|  0%| F|  |TAMS 0x0000000088800000, 0x0000000088800000| Untracked 
|  91|0x0000000088900000, 0x0000000088900000, 0x0000000088a00000|  0%| F|  |TAMS 0x0000000088900000, 0x0000000088900000| Untracked 
|  92|0x0000000088a00000, 0x0000000088a00000, 0x0000000088b00000|  0%| F|  |TAMS 0x0000000088a00000, 0x0000000088a00000| Untracked 
|  93|0x0000000088b00000, 0x0000000088b00000, 0x0000000088c00000|  0%| F|  |TAMS 0x0000000088b00000, 0x0000000088b00000| Untracked 
|  94|0x0000000088c00000, 0x0000000088c00000, 0x0000000088d00000|  0%| F|  |TAMS 0x0000000088c00000, 0x0000000088c00000| Untracked 
|  95|0x0000000088d00000, 0x0000000088d00000, 0x0000000088e00000|  0%| F|  |TAMS 0x0000000088d00000, 0x0000000088d00000| Untracked 
|  96|0x0000000088e00000, 0x0000000088e00000, 0x0000000088f00000|  0%| F|  |TAMS 0x0000000088e00000, 0x0000000088e00000| Untracked 
|  97|0x0000000088f00000, 0x0000000088f00000, 0x0000000089000000|  0%| F|  |TAMS 0x0000000088f00000, 0x0000000088f00000| Untracked 
|  98|0x0000000089000000, 0x0000000089000000, 0x0000000089100000|  0%| F|  |TAMS 0x0000000089000000, 0x0000000089000000| Untracked 
|  99|0x0000000089100000, 0x0000000089100000, 0x0000000089200000|  0%| F|  |TAMS 0x0000000089100000, 0x0000000089100000| Untracked 
| 100|0x0000000089200000, 0x0000000089200000, 0x0000000089300000|  0%| F|  |TAMS 0x0000000089200000, 0x0000000089200000| Untracked 
| 101|0x0000000089300000, 0x0000000089300000, 0x0000000089400000|  0%| F|  |TAMS 0x0000000089300000, 0x0000000089300000| Untracked 
| 102|0x0000000089400000, 0x0000000089400000, 0x0000000089500000|  0%| F|  |TAMS 0x0000000089400000, 0x0000000089400000| Untracked 
| 103|0x0000000089500000, 0x0000000089500000, 0x0000000089600000|  0%| F|  |TAMS 0x0000000089500000, 0x0000000089500000| Untracked 
| 104|0x0000000089600000, 0x00000000896ec088, 0x0000000089700000| 92%| E|  |TAMS 0x0000000089600000, 0x0000000089600000| Complete 
| 105|0x0000000089700000, 0x0000000089800000, 0x0000000089800000|100%| E|CS|TAMS 0x0000000089700000, 0x0000000089700000| Complete 
| 106|0x0000000089800000, 0x0000000089900000, 0x0000000089900000|100%| E|CS|TAMS 0x0000000089800000, 0x0000000089800000| Complete 
| 107|0x0000000089900000, 0x0000000089a00000, 0x0000000089a00000|100%| E|CS|TAMS 0x0000000089900000, 0x0000000089900000| Complete 
| 108|0x0000000089a00000, 0x0000000089b00000, 0x0000000089b00000|100%| E|CS|TAMS 0x0000000089a00000, 0x0000000089a00000| Complete 
| 109|0x0000000089b00000, 0x0000000089c00000, 0x0000000089c00000|100%| E|CS|TAMS 0x0000000089b00000, 0x0000000089b00000| Complete 
| 110|0x0000000089c00000, 0x0000000089d00000, 0x0000000089d00000|100%| E|CS|TAMS 0x0000000089c00000, 0x0000000089c00000| Complete 
| 111|0x0000000089d00000, 0x0000000089e00000, 0x0000000089e00000|100%| E|CS|TAMS 0x0000000089d00000, 0x0000000089d00000| Complete 
| 112|0x0000000089e00000, 0x0000000089f00000, 0x0000000089f00000|100%| E|  |TAMS 0x0000000089e00000, 0x0000000089e00000| Complete 
| 113|0x0000000089f00000, 0x000000008a000000, 0x000000008a000000|100%| E|CS|TAMS 0x0000000089f00000, 0x0000000089f00000| Complete 
| 114|0x000000008a000000, 0x000000008a100000, 0x000000008a100000|100%| E|CS|TAMS 0x000000008a000000, 0x000000008a000000| Complete 
| 115|0x000000008a100000, 0x000000008a200000, 0x000000008a200000|100%| E|CS|TAMS 0x000000008a100000, 0x000000008a100000| Complete 
| 116|0x000000008a200000, 0x000000008a300000, 0x000000008a300000|100%| E|CS|TAMS 0x000000008a200000, 0x000000008a200000| Complete 
| 117|0x000000008a300000, 0x000000008a400000, 0x000000008a400000|100%| E|CS|TAMS 0x000000008a300000, 0x000000008a300000| Complete 
| 118|0x000000008a400000, 0x000000008a500000, 0x000000008a500000|100%| E|CS|TAMS 0x000000008a400000, 0x000000008a400000| Complete 
| 119|0x000000008a500000, 0x000000008a600000, 0x000000008a600000|100%| E|CS|TAMS 0x000000008a500000, 0x000000008a500000| Complete 
| 120|0x000000008a600000, 0x000000008a700000, 0x000000008a700000|100%| E|CS|TAMS 0x000000008a600000, 0x000000008a600000| Complete 
| 121|0x000000008a700000, 0x000000008a800000, 0x000000008a800000|100%| E|CS|TAMS 0x000000008a700000, 0x000000008a700000| Complete 
| 122|0x000000008a800000, 0x000000008a900000, 0x000000008a900000|100%| E|CS|TAMS 0x000000008a800000, 0x000000008a800000| Complete 
| 123|0x000000008a900000, 0x000000008aa00000, 0x000000008aa00000|100%| E|CS|TAMS 0x000000008a900000, 0x000000008a900000| Complete 
| 124|0x000000008aa00000, 0x000000008ab00000, 0x000000008ab00000|100%| E|CS|TAMS 0x000000008aa00000, 0x000000008aa00000| Complete 
| 125|0x000000008ab00000, 0x000000008ac00000, 0x000000008ac00000|100%| E|CS|TAMS 0x000000008ab00000, 0x000000008ab00000| Complete 

Card table byte_map: [0x00000165f9a00000,0x00000165f9df0000] _byte_map_base: 0x00000165f95e9000

Marking Bits (Prev, Next): (CMBitMap*) 0x00000165e6c5bad0, (CMBitMap*) 0x00000165e6c5bb10
 Prev Bits: [0x00000165fa1e0000, 0x00000165fc128000)
 Next Bits: [0x00000165fc130000, 0x00000165fe078000)

Polling page: 0x00000165e6400000

Metaspace:

Usage:
  Non-class:     16.68 MB used.
      Class:      1.51 MB used.
       Both:     18.19 MB used.

Virtual space:
  Non-class space:       24.00 MB reserved,      16.75 MB ( 70%) committed,  3 nodes.
      Class space:        1.00 GB reserved,       1.62 MB ( <1%) committed,  1 nodes.
             Both:        1.02 GB reserved,      18.38 MB (  2%) committed. 

Chunk freelists:
   Non-Class:  2.78 MB
       Class:  2.40 MB
        Both:  5.18 MB

MaxMetaspaceSize: unlimited
CompressedClassSpaceSize: 1.00 GB
Initial GC threshold: 21.00 MB
Current GC threshold: 21.00 MB
CDS: off
MetaspaceReclaimPolicy: balanced
 - commit_granule_bytes: 65536.
 - commit_granule_words: 8192.
 - virtual_space_node_default_size: 1048576.
 - enlarge_chunks_in_place: 1.
 - new_chunks_are_fully_committed: 0.
 - uncommit_free_chunks: 1.
 - use_allocation_guard: 0.
 - handle_deallocations: 1.


Internal statistics:

num_allocs_failed_limit: 0.
num_arena_births: 96.
num_arena_deaths: 0.
num_vsnodes_births: 4.
num_vsnodes_deaths: 0.
num_space_committed: 294.
num_space_uncommitted: 0.
num_chunks_returned_to_freelist: 0.
num_chunks_taken_from_freelist: 360.
num_chunk_merges: 0.
num_chunk_splits: 269.
num_chunks_enlarged: 214.
num_purges: 0.
num_inconsistent_stats: 0.

CodeHeap 'non-profiled nmethods': size=120000Kb used=287Kb max_used=287Kb free=119712Kb
 bounds [0x00000165f1db0000, 0x00000165f2020000, 0x00000165f92e0000]
CodeHeap 'profiled nmethods': size=120000Kb used=1619Kb max_used=1619Kb free=118380Kb
 bounds [0x00000165ea880000, 0x00000165eaaf0000, 0x00000165f1db0000]
CodeHeap 'non-nmethods': size=5760Kb used=1182Kb max_used=1209Kb free=4577Kb
 bounds [0x00000165ea2e0000, 0x00000165ea550000, 0x00000165ea880000]
 total_blobs=1444 nmethods=964 adapters=393
 compilation: enabled
              stopped_count=0, restarted_count=0
 full_count=0

Compilation events (20 events):
Event: 0.873 Thread 0x00000165ff43c730 nmethod 954 0x00000165eaa10710 code [0x00000165eaa108c0, 0x00000165eaa10b28]
Event: 0.877 Thread 0x00000165ff43c730  955       3       com.sun.crypto.provider.AESCrypt::mul4 (181 bytes)
Event: 0.878 Thread 0x00000165ff439d70 nmethod 951 0x00000165f1df6f10 code [0x00000165f1df70e0, 0x00000165f1df7778]
Event: 0.878 Thread 0x00000165ff43c730 nmethod 955 0x00000165eaa10c90 code [0x00000165eaa10ee0, 0x00000165eaa11a78]
Event: 0.882 Thread 0x00000165ff43c730  956       3       java.lang.invoke.MemberName::getModifiers (8 bytes)
Event: 0.882 Thread 0x00000165ff43c730 nmethod 956 0x00000165eaa12010 code [0x00000165eaa121a0, 0x00000165eaa122b8]
Event: 0.883 Thread 0x00000165ff43c730  957       3       java.lang.invoke.MethodHandles$Lookup::isClassAccessible (53 bytes)
Event: 0.883 Thread 0x00000165ff43c730 nmethod 957 0x00000165eaa12390 code [0x00000165eaa125a0, 0x00000165eaa12b78]
Event: 0.883 Thread 0x00000165ff43c730  959       3       jdk.internal.org.objectweb.asm.Label::resolve (219 bytes)
Event: 0.884 Thread 0x00000165ff43c730 nmethod 959 0x00000165eaa12d90 code [0x00000165eaa12f60, 0x00000165eaa13498]
Event: 0.884 Thread 0x00000165ff43c730  961       3       java.util.ImmutableCollections$ListN::size (6 bytes)
Event: 0.884 Thread 0x00000165ff43c730 nmethod 961 0x00000165eaa13790 code [0x00000165eaa13920, 0x00000165eaa13a38]
Event: 0.884 Thread 0x00000165ff43c730  960       3       java.lang.invoke.MemberName::isCallerSensitive (8 bytes)
Event: 0.884 Thread 0x00000165ff43c730 nmethod 960 0x00000165eaa13b10 code [0x00000165eaa13cc0, 0x00000165eaa13ef8]
Event: 0.896 Thread 0x00000165ff43c730  962       3       sun.invoke.util.Wrapper::isSubwordOrInt (20 bytes)
Event: 0.897 Thread 0x00000165ff43c730 nmethod 962 0x00000165eaa14010 code [0x00000165eaa141c0, 0x00000165eaa145d8]
Event: 0.897 Thread 0x00000165ff43c730  963       3       sun.invoke.util.Wrapper::isIntegral (23 bytes)
Event: 0.897 Thread 0x00000165ff43c730 nmethod 963 0x00000165eaa14710 code [0x00000165eaa148c0, 0x00000165eaa14b18]
Event: 0.897 Thread 0x00000165ff43c730  964       3       sun.invoke.util.Wrapper::isNumeric (16 bytes)
Event: 0.897 Thread 0x00000165ff43c730 nmethod 964 0x00000165eaa14c10 code [0x00000165eaa14da0, 0x00000165eaa14f18]

GC Heap History (0 events):
No events

Deoptimization events (20 events):
Event: 0.497 Thread 0x00000165e6c1afc0 DEOPT PACKING pc=0x00000165ea893bd1 sp=0x0000003db71f7430
Event: 0.497 Thread 0x00000165e6c1afc0 DEOPT UNPACKING pc=0x00000165ea332b43 sp=0x0000003db71f68a8 mode 0
Event: 0.497 Thread 0x00000165e6c1afc0 DEOPT PACKING pc=0x00000165ea8bf4d6 sp=0x0000003db71f7230
Event: 0.497 Thread 0x00000165e6c1afc0 DEOPT UNPACKING pc=0x00000165ea332b43 sp=0x0000003db71f66d0 mode 0
Event: 0.624 Thread 0x00000165e6c1afc0 Uncommon trap: trap_request=0xffffff45 fr.pc=0x00000165f1db8684 relative=0x0000000000000084
Event: 0.624 Thread 0x00000165e6c1afc0 Uncommon trap: reason=unstable_if action=reinterpret pc=0x00000165f1db8684 method=java.lang.String.charAt(I)C @ 4 c2
Event: 0.624 Thread 0x00000165e6c1afc0 DEOPT PACKING pc=0x00000165f1db8684 sp=0x0000003db71fe9e0
Event: 0.624 Thread 0x00000165e6c1afc0 DEOPT UNPACKING pc=0x00000165ea3323a3 sp=0x0000003db71fe980 mode 2
Event: 0.810 Thread 0x00000165e6c1afc0 Uncommon trap: trap_request=0xffffff45 fr.pc=0x00000165f1de9c18 relative=0x00000000000001f8
Event: 0.810 Thread 0x00000165e6c1afc0 Uncommon trap: reason=unstable_if action=reinterpret pc=0x00000165f1de9c18 method=java.lang.String.startsWith(Ljava/lang/String;I)Z @ 1 c2
Event: 0.810 Thread 0x00000165e6c1afc0 DEOPT PACKING pc=0x00000165f1de9c18 sp=0x0000003db71fda50
Event: 0.810 Thread 0x00000165e6c1afc0 DEOPT UNPACKING pc=0x00000165ea3323a3 sp=0x0000003db71fd9b8 mode 2
Event: 0.838 Thread 0x00000165e6c1afc0 Uncommon trap: trap_request=0xffffff45 fr.pc=0x00000165f1def1a0 relative=0x00000000000001e0
Event: 0.838 Thread 0x00000165e6c1afc0 Uncommon trap: reason=unstable_if action=reinterpret pc=0x00000165f1def1a0 method=java.util.HashMap.putVal(ILjava/lang/Object;Ljava/lang/Object;ZZ)Ljava/lang/Object; @ 162 c2
Event: 0.838 Thread 0x00000165e6c1afc0 DEOPT PACKING pc=0x00000165f1def1a0 sp=0x0000003db71fd7a0
Event: 0.838 Thread 0x00000165e6c1afc0 DEOPT UNPACKING pc=0x00000165ea3323a3 sp=0x0000003db71fd750 mode 2
Event: 0.886 Thread 0x00000165e6c1afc0 Uncommon trap: trap_request=0xffffffc6 fr.pc=0x00000165f1df7680 relative=0x00000000000005a0
Event: 0.886 Thread 0x00000165e6c1afc0 Uncommon trap: reason=bimorphic_or_optimized_type_check action=maybe_recompile pc=0x00000165f1df7680 method=java.util.concurrent.ConcurrentHashMap.get(Ljava/lang/Object;)Ljava/lang/Object; @ 149 c2
Event: 0.886 Thread 0x00000165e6c1afc0 DEOPT PACKING pc=0x00000165f1df7680 sp=0x0000003db71fdb20
Event: 0.886 Thread 0x00000165e6c1afc0 DEOPT UNPACKING pc=0x00000165ea3323a3 sp=0x0000003db71fdab0 mode 2

Classes unloaded (0 events):
No events

Classes redefined (0 events):
No events

Internal exceptions (11 events):
Event: 0.198 Thread 0x00000165e6c1afc0 Exception <a 'java/lang/NoSuchMethodError'{0x000000008aad3b80}: 'java.lang.Object java.lang.invoke.DirectMethodHandle$Holder.invokeStatic(java.lang.Object, java.lang.Object, int)'> (0x000000008aad3b80) 
thrown [e:\jenkins\tmp\workspace\build\src\src\hotspot\share\interpreter\linkResolver.cpp, line 766]
Event: 0.201 Thread 0x00000165e6c1afc0 Exception <a 'java/lang/NoSuchMethodError'{0x000000008aadfab8}: 'void java.lang.invoke.DelegatingMethodHandle$Holder.delegate(java.lang.Object, java.lang.Object, int, java.lang.Object)'> (0x000000008aadfab8) 
thrown [e:\jenkins\tmp\workspace\build\src\src\hotspot\share\interpreter\linkResolver.cpp, line 766]
Event: 0.202 Thread 0x00000165e6c1afc0 Exception <a 'java/lang/NoSuchMethodError'{0x000000008aae3cf8}: 'int java.lang.invoke.DirectMethodHandle$Holder.invokeSpecial(java.lang.Object, java.lang.Object, java.lang.Object)'> (0x000000008aae3cf8) 
thrown [e:\jenkins\tmp\workspace\build\src\src\hotspot\share\interpreter\linkResolver.cpp, line 766]
Event: 0.218 Thread 0x00000165e6c1afc0 Exception <a 'java/lang/NoSuchMethodError'{0x000000008a9245a0}: 'java.lang.Object java.lang.invoke.DirectMethodHandle$Holder.invokeStaticInit(java.lang.Object)'> (0x000000008a9245a0) 
thrown [e:\jenkins\tmp\workspace\build\src\src\hotspot\share\interpreter\linkResolver.cpp, line 766]
Event: 0.258 Thread 0x00000165e6c1afc0 Exception <a 'java/lang/NoSuchMethodError'{0x000000008a957038}: 'int java.lang.invoke.DirectMethodHandle$Holder.invokeInterface(java.lang.Object, java.lang.Object)'> (0x000000008a957038) 
thrown [e:\jenkins\tmp\workspace\build\src\src\hotspot\share\interpreter\linkResolver.cpp, line 766]
Event: 0.258 Thread 0x00000165e6c1afc0 Exception <a 'java/lang/IncompatibleClassChangeError'{0x000000008a95a638}: Found class java.lang.Object, but interface was expected> (0x000000008a95a638) 
thrown [e:\jenkins\tmp\workspace\build\src\src\hotspot\share\interpreter\linkResolver.cpp, line 833]
Event: 0.261 Thread 0x00000165e6c1afc0 Exception <a 'java/lang/NoSuchMethodError'{0x000000008a960830}: 'void java.lang.invoke.DirectMethodHandle$Holder.invokeStatic(java.lang.Object, java.lang.Object)'> (0x000000008a960830) 
thrown [e:\jenkins\tmp\workspace\build\src\src\hotspot\share\interpreter\linkResolver.cpp, line 766]
Event: 0.392 Thread 0x00000165e6c1afc0 Exception <a 'java/lang/NoSuchMethodError'{0x000000008a7a67c8}: 'void java.lang.invoke.DirectMethodHandle$Holder.invokeStatic(java.lang.Object, java.lang.Object, java.lang.Object)'> (0x000000008a7a67c8) 
thrown [e:\jenkins\tmp\workspace\build\src\src\hotspot\share\interpreter\linkResolver.cpp, line 766]
Event: 0.424 Thread 0x00000165e6c1afc0 Exception <a 'java/lang/NoSuchMethodError'{0x000000008a6b1458}: 'java.lang.Object java.lang.invoke.DirectMethodHandle$Holder.invokeInterface(java.lang.Object, java.lang.Object)'> (0x000000008a6b1458) 
thrown [e:\jenkins\tmp\workspace\build\src\src\hotspot\share\interpreter\linkResolver.cpp, line 766]
Event: 0.864 Thread 0x00000165e6c1afc0 Exception <a 'sun/nio/fs/WindowsException'{0x000000008969b680}> (0x000000008969b680) 
thrown [e:\jenkins\tmp\workspace\build\src\src\hotspot\share\prims\jni.cpp, line 516]
Event: 0.883 Thread 0x00000165e6c1afc0 Exception <a 'java/lang/NoSuchMethodError'{0x00000000896c5658}: 'java.lang.Object java.lang.invoke.DirectMethodHandle$Holder.invokeStaticInit(java.lang.Object, int, int, int, int)'> (0x00000000896c5658) 
thrown [e:\jenkins\tmp\workspace\build\src\src\hotspot\share\interpreter\linkResolver.cpp, line 766]

VM Operations (8 events):
Event: 0.179 Executing VM operation: HandshakeAllThreads
Event: 0.179 Executing VM operation: HandshakeAllThreads done
Event: 0.634 Executing VM operation: HandshakeAllThreads
Event: 0.634 Executing VM operation: HandshakeAllThreads done
Event: 0.641 Executing VM operation: HandshakeAllThreads
Event: 0.641 Executing VM operation: HandshakeAllThreads done
Event: 0.872 Executing VM operation: HandshakeAllThreads
Event: 0.872 Executing VM operation: HandshakeAllThreads done

Events (20 events):
Event: 0.894 loading class sun/security/provider/ByteArrayAccess$BE done
Event: 0.894 loading class java/lang/invoke/VarHandleByteArrayAsInts$ArrayHandle
Event: 0.894 loading class java/lang/invoke/VarHandleByteArrayAsInts$ByteArrayViewVarHandle
Event: 0.894 loading class java/lang/invoke/VarHandleByteArrayAsInts$ByteArrayViewVarHandle done
Event: 0.894 loading class java/lang/invoke/VarHandleByteArrayAsInts$ArrayHandle done
Event: 0.895 loading class java/lang/invoke/VarHandleByteArrayAsInts
Event: 0.895 loading class java/lang/invoke/VarHandleByteArrayBase
Event: 0.895 loading class java/lang/invoke/VarHandleByteArrayBase done
Event: 0.895 loading class java/lang/invoke/VarHandleByteArrayAsInts done
Event: 0.895 loading class java/lang/invoke/VarHandleByteArrayAsLongs$ArrayHandle
Event: 0.895 loading class java/lang/invoke/VarHandleByteArrayAsLongs$ByteArrayViewVarHandle
Event: 0.895 loading class java/lang/invoke/VarHandleByteArrayAsLongs$ByteArrayViewVarHandle done
Event: 0.895 loading class java/lang/invoke/VarHandleByteArrayAsLongs$ArrayHandle done
Event: 0.896 loading class java/lang/invoke/VarHandleByteArrayAsLongs
Event: 0.896 loading class java/lang/invoke/VarHandleByteArrayAsLongs done
Event: 0.896 loading class java/lang/invoke/VarHandle$TypesAndInvokers
Event: 0.896 loading class java/lang/invoke/VarHandle$TypesAndInvokers done
Event: 0.896 loading class java/lang/invoke/VarHandle$2
Event: 0.896 loading class java/lang/invoke/VarHandle$2 done
Event: 0.896 loading class java/lang/invoke/VarHandle$VarHandleDesc$Kind


Dynamic libraries:
0x00007ff6ff880000 - 0x00007ff6ff88e000 	C:\javaStudy\eclipse\plugins\org.eclipse.justj.openjdk.hotspot.jre.full.win32.x86_64_17.0.2.v20220201-1208\jre\bin\javaw.exe
0x00007ffd19a10000 - 0x00007ffd19c05000 	C:\WINDOWS\SYSTEM32\ntdll.dll
0x00007ffd18a00000 - 0x00007ffd18abd000 	C:\WINDOWS\System32\KERNEL32.DLL
0x00007ffd17280000 - 0x00007ffd1754d000 	C:\WINDOWS\System32\KERNELBASE.dll
0x00007ffd176e0000 - 0x00007ffd177e0000 	C:\WINDOWS\System32\ucrtbase.dll
0x00007ffd15450000 - 0x00007ffd15469000 	C:\javaStudy\eclipse\plugins\org.eclipse.justj.openjdk.hotspot.jre.full.win32.x86_64_17.0.2.v20220201-1208\jre\bin\VCRUNTIME140.dll
0x00007ffd153f0000 - 0x00007ffd15408000 	C:\javaStudy\eclipse\plugins\org.eclipse.justj.openjdk.hotspot.jre.full.win32.x86_64_17.0.2.v20220201-1208\jre\bin\jli.dll
0x00007ffd18e70000 - 0x00007ffd19010000 	C:\WINDOWS\System32\USER32.dll
0x00007ffd17850000 - 0x00007ffd17872000 	C:\WINDOWS\System32\win32u.dll
0x00007ffd17dc0000 - 0x00007ffd17dea000 	C:\WINDOWS\System32\GDI32.dll
0x00007ffd17580000 - 0x00007ffd1768b000 	C:\WINDOWS\System32\gdi32full.dll
0x00007ffd17880000 - 0x00007ffd1791d000 	C:\WINDOWS\System32\msvcp_win.dll
0x00007ffd16530000 - 0x00007ffd167ca000 	C:\WINDOWS\WinSxS\amd64_microsoft.windows.common-controls_6595b64144ccf1df_6.0.19041.1110_none_60b5254171f9507e\COMCTL32.dll
0x00007ffd18dd0000 - 0x00007ffd18e6e000 	C:\WINDOWS\System32\msvcrt.dll
0x00007ffd17e60000 - 0x00007ffd17e90000 	C:\WINDOWS\System32\IMM32.DLL
0x00007ffd16cd0000 - 0x00007ffd16cdc000 	C:\javaStudy\eclipse\plugins\org.eclipse.justj.openjdk.hotspot.jre.full.win32.x86_64_17.0.2.v20220201-1208\jre\bin\vcruntime140_1.dll
0x00007ffce10b0000 - 0x00007ffce1141000 	C:\javaStudy\eclipse\plugins\org.eclipse.justj.openjdk.hotspot.jre.full.win32.x86_64_17.0.2.v20220201-1208\jre\bin\msvcp140.dll
0x00007ffcd8850000 - 0x00007ffcd9497000 	C:\javaStudy\eclipse\plugins\org.eclipse.justj.openjdk.hotspot.jre.full.win32.x86_64_17.0.2.v20220201-1208\jre\bin\server\jvm.dll
0x00007ffd18cc0000 - 0x00007ffd18d6e000 	C:\WINDOWS\System32\ADVAPI32.dll
0x00007ffd17f00000 - 0x00007ffd17f9c000 	C:\WINDOWS\System32\sechost.dll
0x00007ffd18b90000 - 0x00007ffd18cb5000 	C:\WINDOWS\System32\RPCRT4.dll
0x00007ffd17e50000 - 0x00007ffd17e58000 	C:\WINDOWS\System32\PSAPI.DLL
0x00007ffcf5620000 - 0x00007ffcf5629000 	C:\WINDOWS\SYSTEM32\WSOCK32.dll
0x00007ffcfc0b0000 - 0x00007ffcfc0d7000 	C:\WINDOWS\SYSTEM32\WINMM.dll
0x00007ffd17e90000 - 0x00007ffd17efb000 	C:\WINDOWS\System32\WS2_32.dll
0x00007ffd14ed0000 - 0x00007ffd14eda000 	C:\WINDOWS\SYSTEM32\VERSION.dll
0x00007ffd14200000 - 0x00007ffd14212000 	C:\WINDOWS\SYSTEM32\kernel.appcore.dll
0x00007ffd15610000 - 0x00007ffd1561a000 	C:\javaStudy\eclipse\plugins\org.eclipse.justj.openjdk.hotspot.jre.full.win32.x86_64_17.0.2.v20220201-1208\jre\bin\jimage.dll
0x00007ffd16ad0000 - 0x00007ffd16cb4000 	C:\WINDOWS\SYSTEM32\DBGHELP.DLL
0x00007ffd16aa0000 - 0x00007ffd16acc000 	C:\WINDOWS\SYSTEM32\dbgcore.DLL
0x00007ffd179d0000 - 0x00007ffd17a52000 	C:\WINDOWS\System32\bcryptPrimitives.dll
0x00007ffd153c0000 - 0x00007ffd153e5000 	C:\javaStudy\eclipse\plugins\org.eclipse.justj.openjdk.hotspot.jre.full.win32.x86_64_17.0.2.v20220201-1208\jre\bin\java.dll
0x00007ffd153a0000 - 0x00007ffd153b8000 	C:\javaStudy\eclipse\plugins\org.eclipse.justj.openjdk.hotspot.jre.full.win32.x86_64_17.0.2.v20220201-1208\jre\bin\zip.dll
0x00007ffd19220000 - 0x00007ffd19964000 	C:\WINDOWS\System32\SHELL32.dll
0x00007ffd14420000 - 0x00007ffd14bb4000 	C:\WINDOWS\SYSTEM32\windows.storage.dll
0x00007ffd18220000 - 0x00007ffd18574000 	C:\WINDOWS\System32\combase.dll
0x00007ffd16490000 - 0x00007ffd164bc000 	C:\WINDOWS\SYSTEM32\Wldp.dll
0x00007ffd19010000 - 0x00007ffd190bd000 	C:\WINDOWS\System32\SHCORE.dll
0x00007ffd19970000 - 0x00007ffd199c5000 	C:\WINDOWS\System32\shlwapi.dll
0x00007ffd17060000 - 0x00007ffd1707f000 	C:\WINDOWS\SYSTEM32\profapi.dll
0x00007ffd15240000 - 0x00007ffd15259000 	C:\javaStudy\eclipse\plugins\org.eclipse.justj.openjdk.hotspot.jre.full.win32.x86_64_17.0.2.v20220201-1208\jre\bin\net.dll
0x00007ffd111c0000 - 0x00007ffd112ca000 	C:\WINDOWS\SYSTEM32\WINHTTP.dll
0x00007ffd16350000 - 0x00007ffd163ba000 	C:\WINDOWS\system32\mswsock.dll
0x00007ffd15220000 - 0x00007ffd15235000 	C:\javaStudy\eclipse\plugins\org.eclipse.justj.openjdk.hotspot.jre.full.win32.x86_64_17.0.2.v20220201-1208\jre\bin\nio.dll
0x00007ffd15210000 - 0x00007ffd15219000 	C:\javaStudy\eclipse\plugins\org.eclipse.justj.openjdk.hotspot.jre.full.win32.x86_64_17.0.2.v20220201-1208\jre\bin\management.dll
0x00007ffd122a0000 - 0x00007ffd122ab000 	C:\javaStudy\eclipse\plugins\org.eclipse.justj.openjdk.hotspot.jre.full.win32.x86_64_17.0.2.v20220201-1208\jre\bin\management_ext.dll
0x00007ffd12200000 - 0x00007ffd12210000 	C:\javaStudy\eclipse\plugins\org.eclipse.justj.openjdk.hotspot.jre.full.win32.x86_64_17.0.2.v20220201-1208\jre\bin\verify.dll
0x00007ffd15f20000 - 0x00007ffd15feb000 	C:\WINDOWS\SYSTEM32\DNSAPI.dll
0x00007ffd15ee0000 - 0x00007ffd15f1b000 	C:\WINDOWS\SYSTEM32\IPHLPAPI.DLL
0x00007ffd17fa0000 - 0x00007ffd17fa8000 	C:\WINDOWS\System32\NSI.dll
0x00007ffd09d70000 - 0x00007ffd09d7a000 	C:\Windows\System32\rasadhlp.dll
0x00007ffd04e80000 - 0x00007ffd04f00000 	C:\WINDOWS\System32\fwpuclnt.dll
0x00007ffd17550000 - 0x00007ffd17577000 	C:\WINDOWS\System32\bcrypt.dll
0x00007ffcf1460000 - 0x00007ffcf1477000 	C:\WINDOWS\system32\napinsp.dll
0x00007ffcf1440000 - 0x00007ffcf145b000 	C:\WINDOWS\system32\pnrpnsp.dll
0x00007ffd11440000 - 0x00007ffd11455000 	C:\WINDOWS\system32\wshbth.dll
0x00007ffd121b0000 - 0x00007ffd121cd000 	C:\WINDOWS\system32\NLAapi.dll
0x00007ffcf1420000 - 0x00007ffcf1432000 	C:\WINDOWS\System32\winrnr.dll
0x00007ffd121f0000 - 0x00007ffd121fe000 	C:\javaStudy\eclipse\plugins\org.eclipse.justj.openjdk.hotspot.jre.full.win32.x86_64_17.0.2.v20220201-1208\jre\bin\sunmscapi.dll
0x00007ffd17120000 - 0x00007ffd17276000 	C:\WINDOWS\System32\CRYPT32.dll
0x00007ffd16500000 - 0x00007ffd16527000 	C:\WINDOWS\SYSTEM32\ncrypt.dll
0x00007ffd164c0000 - 0x00007ffd164fb000 	C:\WINDOWS\SYSTEM32\NTASN1.dll
0x00007ffd16eb0000 - 0x00007ffd16ec8000 	C:\WINDOWS\SYSTEM32\CRYPTSP.dll
0x00007ffd15b90000 - 0x00007ffd15bc4000 	C:\WINDOWS\system32\rsaenh.dll
0x00007ffd17020000 - 0x00007ffd1704e000 	C:\WINDOWS\SYSTEM32\USERENV.dll
0x00007ffd162d0000 - 0x00007ffd162dc000 	C:\WINDOWS\SYSTEM32\CRYPTBASE.dll

dbghelp: loaded successfully - version: 4.0.5 - missing functions: none
symbol engine: initialized successfully - sym options: 0x614 - pdb path: .;C:\javaStudy\eclipse\plugins\org.eclipse.justj.openjdk.hotspot.jre.full.win32.x86_64_17.0.2.v20220201-1208\jre\bin;C:\WINDOWS\SYSTEM32;C:\WINDOWS\WinSxS\amd64_microsoft.windows.common-controls_6595b64144ccf1df_6.0.19041.1110_none_60b5254171f9507e;C:\javaStudy\eclipse\plugins\org.eclipse.justj.openjdk.hotspot.jre.full.win32.x86_64_17.0.2.v20220201-1208\jre\bin\server

VM Arguments:
jvm_args: -Dfile.encoding=UTF-8 -XX:+ShowCodeDetailsInExceptionMessages 
java_command: com.javaex.ex01.BookInsert
java_class_path (initial): C:\javaStudy\workspace\jdbc\bin;C:\oraclexe\app\oracle\product\11.2.0\server\jdbc\lib\ojdbc6_g.jar
Launcher Type: SUN_STANDARD

[Global flags]
     intx CICompilerCount                          = 4                                         {product} {ergonomic}
     uint ConcGCThreads                            = 2                                         {product} {ergonomic}
     uint G1ConcRefinementThreads                  = 8                                         {product} {ergonomic}
   size_t G1HeapRegionSize                         = 1048576                                   {product} {ergonomic}
    uintx GCDrainStackTargetSize                   = 64                                        {product} {ergonomic}
   size_t InitialHeapSize                          = 132120576                                 {product} {ergonomic}
   size_t MarkStackSize                            = 4194304                                   {product} {ergonomic}
   size_t MaxHeapSize                              = 2099249152                                {product} {ergonomic}
   size_t MaxNewSize                               = 1259339776                                {product} {ergonomic}
   size_t MinHeapDeltaBytes                        = 1048576                                   {product} {ergonomic}
   size_t MinHeapSize                              = 8388608                                   {product} {ergonomic}
    uintx NonNMethodCodeHeapSize                   = 5839372                                {pd product} {ergonomic}
    uintx NonProfiledCodeHeapSize                  = 122909434                              {pd product} {ergonomic}
    uintx ProfiledCodeHeapSize                     = 122909434                              {pd product} {ergonomic}
    uintx ReservedCodeCacheSize                    = 251658240                              {pd product} {ergonomic}
     bool SegmentedCodeCache                       = true                                      {product} {ergonomic}
     bool ShowCodeDetailsInExceptionMessages       = true                                   {manageable} {command line}
   size_t SoftMaxHeapSize                          = 2099249152                             {manageable} {ergonomic}
     bool UseCompressedClassPointers               = true                           {product lp64_product} {ergonomic}
     bool UseCompressedOops                        = true                           {product lp64_product} {ergonomic}
     bool UseG1GC                                  = true                                      {product} {ergonomic}
     bool UseLargePagesIndividualAllocation        = false                                  {pd product} {ergonomic}

Logging:
Log output configuration:
 #0: stdout all=warning uptime,level,tags
 #1: stderr all=off uptime,level,tags

Environment Variables:
PATH=C:/javaStudy/eclipse2//plugins/org.eclipse.justj.openjdk.hotspot.jre.full.win32.x86_64_17.0.2.v20220201-1208/jre/bin/server;C:/javaStudy/eclipse2//plugins/org.eclipse.justj.openjdk.hotspot.jre.full.win32.x86_64_17.0.2.v20220201-1208/jre/bin;C:\oraclexe\app\oracle\product\11.2.0\server\bin;;C:\Program Files\Java\jdk1.8.0_202\bin;C:\Program Files (x86)\Common Files\Oracle\Java\javapath;C:\WINDOWS\system32;C:\WINDOWS;C:\WINDOWS\System32\Wbem;C:\WINDOWS\System32\WindowsPowerShell\v1.0\;C:\WINDOWS\System32\OpenSSH\;C:\Users\\AppData\Local\Microsoft\WindowsApps;;C:\Users\\AppData\Local\Programs\Microsoft VS Code\bin;C:\javaStudy\eclipse2;
USERNAME=
OS=Windows_NT
PROCESSOR_IDENTIFIER=Intel64 Family 6 Model 142 Stepping 12, GenuineIntel



---------------  S Y S T E M  ---------------

OS:
 Windows 10 , 64 bit Build 19041 (10.0.19041.1706)
OS uptime: 2 days 5:27 hours

CPU: total 8 (initial active 8) (4 cores per cpu, 2 threads per core) family 6 model 142 stepping 12 microcode 0xca, cx8, cmov, fxsr, ht, mmx, 3dnowpref, sse, sse2, sse3, ssse3, sse4.1, sse4.2, popcnt, lzcnt, tsc, tscinvbit, avx, avx2, aes, erms, clmul, bmi1, bmi2, adx, fma, vzeroupper, clflush, clflushopt

Memory: 4k page, system-wide physical 8001M (471M free)
TotalPageFile size 32577M (AvailPageFile size 0M)
current process WorkingSet (physical memory assigned to process): 83M, peak: 83M
current process commit charge ("private bytes"): 225M, peak: 225M

vm_info: OpenJDK 64-Bit Server VM (17.0.2+8) for windows-amd64 JRE (17.0.2+8), built on Jan 20 2022 04:52:34 by "" with MS VC++ 16.7 (VS2019)

END.
